Started by user PRC-HOME-ADMIN
Running as SYSTEM
Building in workspace /var/jenkins_home/workspace/terraform-test
Unpacking https://releases.hashicorp.com/terraform/1.10.0-alpha20240918/terraform_1.10.0-alpha20240918_linux_arm64.zip to /var/jenkins_home/tools/org.jenkinsci.plugins.terraform.TerraformInstallation/terraform on Jenkins
[terraform-plugin] $ /var/jenkins_home/tools/org.jenkinsci.plugins.terraform.TerraformInstallation/terraform/terraform get
/var/jenkins_home/tools/org.jenkinsci.plugins.terraform.TerraformInstallation/terraform/terraform: 1: _ï¿½: not found
/var/jenkins_home/tools/org.jenkinsci.plugins.terraform.TerraformInstallation/terraform/terraform: 1: ELFï¿½Ð‰@ï¿½@8@
@@@PPï¿½ï¿½ï¿½ddDï¿½TDï¿½TUVVÔˆÔˆï¿½ï¿½ï¿½: not found
/var/jenkins_home/tools/org.jenkinsci.plugins.terraform.TerraformInstallation/terraform/terraform: 1: ï¿½: not found
/var/jenkins_home/tools/org.jenkinsci.plugins.terraform.TerraformInstallation/terraform/terraform: 2: : not found
/var/jenkins_home/tools/org.jenkinsci.plugins.terraform.TerraformInstallation/terraform/terraform: 1: cannot open ï¿½ï¿½ï¿½ï¿½ï¿½ï¿½ß”ï¿½g@ï¿½ï¿½ï¿½ã‘›ï¿½ï¿½: No such file
/var/jenkins_home/tools/org.jenkinsci.plugins.terraform.TerraformInstallation/terraform/terraform: 2: Ó€hbï¿½ï¿½ï¿½A@ï¿½ï¿½ï¿½ï¿½ï¿½ï¿½ï¿½ï¿½_ï¿½ï¿½ï¿½ï¿½ï¿½#ï¿½ï¿½: not found
/var/jenkins_home/tools/org.jenkinsci.plugins.terraform.TerraformInstallation/terraform/terraform: 2: ï¿½ï¿½ï¿½ï¿½ï¿½ï¿½ï¿½ï¿½ß”Kï¿½ï¿½ï¿½@ï¿½ï¿½ï¿½ï¿½ß”ï¿½@ï¿½ï¿½@ï¿½ï¿½ï¿½Tï¿½ß”Rï¿½ï¿½ï¿½ß”ï¿½ï¿½ï¿½ï¿½ï¿½ï¿½_ï¿½ï¿½ï¿½ï¿½ï¿½gï¿½ï¿½ï¿½@ï¿½ï¿½ï¿½ï¿½ï¿½@ï¿½ï¿½c0ï¿½ITï¿½ï¿½ï¿½ï¿½ï¿½ï¿½#ï¿½_: not found
/var/jenkins_home/tools/org.jenkinsci.plugins.terraform.TerraformInstallation/terraform/terraform: 2: ï¿½ï¿½ï¿½ï¿½ï¿½9Ð€?ï¿½ï¿½ï¿½!ï¿½ï¿½zï¿½ï¿½: not found
/var/jenkins_home/tools/org.jenkinsci.plugins.terraform.TerraformInstallation/terraform/terraform: 3: Syntax error: "(" unexpected
FATAL: java.lang.Exception: Terraform Get failed: 2
	at PluginClassLoader for terraform//org.jenkinsci.plugins.terraform.TerraformBuildWrapper.executeGet(TerraformBuildWrapper.java:224)
	at PluginClassLoader for terraform//org.jenkinsci.plugins.terraform.TerraformBuildWrapper.setUp(TerraformBuildWrapper.java:256)
	at hudson.model.Build$BuildExecution.doRun(Build.java:158)
	at hudson.model.AbstractBuild$AbstractBuildExecution.run(AbstractBuild.java:526)
	at hudson.model.Run.execute(Run.java:1894)
	at hudson.model.FreeStyleBuild.run(FreeStyleBuild.java:44)
	at hudson.model.ResourceController.execute(ResourceController.java:101)
	at hudson.model.Executor.run(Executor.java:446)

Finished: FAILURE
